<?xml version="1.0" encoding="UTF-8"?>
<!-- Generated by org.testng.reporters.JUnitReportReporter -->
<testsuite hostname="LAPTOP-V46UAJK4" failures="0" tests="9" name="com.ohrm.testcases.DashboardPageTest" time="0.017" errors="1" timestamp="2024-02-29T19:09:10 IST" skipped="8">
  <testcase classname="com.ohrm.testcases.DashboardPageTest" name="browsersetup" time="0.017">
    <error message="Cannot invoke &quot;String.equalsIgnoreCase(String)&quot; because &quot;browserName&quot; is null" type="java.lang.NullPointerException">
      <![CDATA[java.lang.NullPointerException: Cannot invoke "String.equalsIgnoreCase(String)" because "browserName" is null
at com.ohrm.base.OrangeHRMBase.initialization(OrangeHRMBase.java:31)
at com.ohrm.testcases.DashboardPageTest.browsersetup(DashboardPageTest.java:19)
at java.base/jdk.internal.reflect.DirectMethodHandleAccessor.invoke(DirectMethodHandleAccessor.java:103)
at java.base/java.lang.reflect.Method.invoke(Method.java:580)
at org.testng.internal.MethodInvocationHelper.invokeMethod(MethodInvocationHelper.java:133)
at org.testng.internal.MethodInvocationHelper.invokeMethodConsideringTimeout(MethodInvocationHelper.java:62)
at org.testng.internal.ConfigInvoker.invokeConfigurationMethod(ConfigInvoker.java:385)
at org.testng.internal.ConfigInvoker.invokeConfigurations(ConfigInvoker.java:321)
at org.testng.internal.TestInvoker.runConfigMethods(TestInvoker.java:700)
at org.testng.internal.TestInvoker.invokeMethod(TestInvoker.java:527)
at org.testng.internal.TestInvoker.invokeTestMethod(TestInvoker.java:173)
at org.testng.internal.MethodRunner.runInSequence(MethodRunner.java:46)
at org.testng.internal.TestInvoker$MethodInvocationAgent.invoke(TestInvoker.java:824)
at org.testng.internal.TestInvoker.invokeTestMethods(TestInvoker.java:146)
at org.testng.internal.TestMethodWorker.invokeTestMethods(TestMethodWorker.java:146)
at org.testng.internal.TestMethodWorker.run(TestMethodWorker.java:128)
at java.base/java.util.ArrayList.forEach(ArrayList.java:1596)
at org.testng.TestRunner.privateRun(TestRunner.java:794)
at org.testng.TestRunner.run(TestRunner.java:596)
at org.testng.SuiteRunner.runTest(SuiteRunner.java:377)
at org.testng.SuiteRunner.runSequentially(SuiteRunner.java:371)
at org.testng.SuiteRunner.privateRun(SuiteRunner.java:332)
at org.testng.SuiteRunner.run(SuiteRunner.java:276)
at org.testng.SuiteRunnerWorker.runSuite(SuiteRunnerWorker.java:53)
at org.testng.SuiteRunnerWorker.run(SuiteRunnerWorker.java:96)
at org.testng.TestNG.runSuitesSequentially(TestNG.java:1212)
at org.testng.TestNG.runSuitesLocally(TestNG.java:1134)
at org.testng.TestNG.runSuites(TestNG.java:1063)
at org.testng.TestNG.run(TestNG.java:1031)
at org.testng.remote.AbstractRemoteTestNG.run(AbstractRemoteTestNG.java:115)
at org.testng.remote.RemoteTestNG.initAndRun(RemoteTestNG.java:251)
at org.testng.remote.RemoteTestNG.main(RemoteTestNG.java:77)
]]>
    </error>
  </testcase> <!-- browsersetup -->
  <system-out/>
  <testcase classname="com.ohrm.testcases.DashboardPageTest" name="validateemployeeDistributionbylocation" time="0.000">
    <skipped/>
  </testcase> <!-- validateemployeeDistributionbylocation -->
  <system-out/>
  <testcase classname="com.ohrm.testcases.DashboardPageTest" name="validateTimeWorksectionTest" time="0.000">
    <skipped/>
  </testcase> <!-- validateTimeWorksectionTest -->
  <system-out/>
  <testcase classname="com.ohrm.testcases.DashboardPageTest" name="myActionSectionTest" time="0.000">
    <skipped/>
  </testcase> <!-- myActionSectionTest -->
  <system-out/>
  <testcase classname="com.ohrm.testcases.DashboardPageTest" name="validateemployeeDistribution" time="0.000">
    <skipped/>
  </testcase> <!-- validateemployeeDistribution -->
  <system-out/>
  <testcase classname="com.ohrm.testcases.DashboardPageTest" name="validatequicklunch" time="0.000">
    <skipped/>
  </testcase> <!-- validatequicklunch -->
  <system-out/>
  <testcase classname="com.ohrm.testcases.DashboardPageTest" name="validateemployeeleave" time="0.000">
    <skipped/>
  </testcase> <!-- validateemployeeleave -->
  <system-out/>
  <testcase classname="com.ohrm.testcases.DashboardPageTest" name="validatebuzzlatest" time="0.000">
    <skipped/>
  </testcase> <!-- validatebuzzlatest -->
  <system-out/>
  <testcase classname="com.ohrm.testcases.DashboardPageTest" name="validatemyactions" time="0.000">
    <skipped/>
  </testcase> <!-- validatemyactions -->
  <system-out/>
</testsuite> <!-- com.ohrm.testcases.DashboardPageTest -->
